-------Call Ansible......
2015-12-27 20:34:19,814 p=20409 u=root |   [WARNING]: The version of gmp you have installed has a known issue regarding
timing vulnerabilities when used with pycrypto. If possible, you should update
it (i.e. yum update gmp).

2015-12-27 20:34:19,934 p=20409 u=root |   
2015-12-27 20:34:19,934 p=20409 u=root |  /usr/bin/ansible-playbook -c paramiko -i ../../inventory/hosts healing.yml
2015-12-27 20:34:19,935 p=20409 u=root |   
2015-12-27 20:34:20,053 p=20409 u=root |  PLAY [start VNF] ************************************************************** 
2015-12-27 20:34:20,054 p=20409 u=root |  TASK: [vnf_start_vms | start virtual machine] ********************************* 
2015-12-27 20:34:20,371 p=20409 u=root |  ok: [localhost]
2015-12-27 20:34:20,372 p=20409 u=root |  TASK: [vnf_start_vms | start virtual machine] ********************************* 
2015-12-27 20:34:20,558 p=20409 u=root |  ok: [localhost]
2015-12-27 20:34:20,559 p=20409 u=root |  TASK: [vnf_start_vms | start virtual machine] ********************************* 
2015-12-27 20:34:20,772 p=20409 u=root |  ok: [localhost]
2015-12-27 20:34:20,773 p=20409 u=root |  TASK: [vnf_start_vms | start virtual machine] ********************************* 
2015-12-27 20:34:20,782 p=20409 u=root |  skipping: [localhost]
2015-12-27 20:34:20,783 p=20409 u=root |  TASK: [vnf_wait_for_alive | wait for server to alive] ************************* 
2015-12-27 20:35:20,945 p=20409 u=root |  ok: [localhost -> 127.0.0.1]
2015-12-27 20:35:20,946 p=20409 u=root |  TASK: [vnf_wait_for_alive | wait for server to alive] ************************* 
2015-12-27 20:36:21,168 p=20409 u=root |  ok: [localhost -> 127.0.0.1]
2015-12-27 20:36:21,169 p=20409 u=root |  TASK: [vnf_wait_for_alive | wait for server to alive] ************************* 
2015-12-27 20:37:21,368 p=20409 u=root |  ok: [localhost -> 127.0.0.1]
2015-12-27 20:37:21,369 p=20409 u=root |  TASK: [vnf_wait_for_alive | wait for server to alive] ************************* 
2015-12-27 20:37:21,380 p=20409 u=root |  skipping: [localhost]
2015-12-27 20:37:21,381 p=20409 u=root |  PLAY [start com application] ************************************************** 
2015-12-27 20:37:21,382 p=20409 u=root |  TASK: [start_com | start com application] ************************************* 
2015-12-27 20:37:28,204 p=20409 u=root |  changed: [135.252.141.24]
2015-12-27 20:37:28,204 p=20409 u=root |  PLAY [start com application] ************************************************** 
2015-12-27 20:37:28,205 p=20409 u=root |  skipping: no hosts matched
2015-12-27 20:37:28,205 p=20409 u=root |  PLAY RECAP ******************************************************************** 
2015-12-27 20:37:28,206 p=20409 u=root |  135.252.141.24             : ok=1    changed=1    unreachable=0    failed=0   
2015-12-27 20:37:28,206 p=20409 u=root |  localhost                  : ok=6    changed=0    unreachable=0    failed=0   
