-------Call Ansible......
2016-01-29 09:19:12,905 p=22558 u=root |   [WARNING]: The version of gmp you have installed has a known issue regarding
timing vulnerabilities when used with pycrypto. If possible, you should update
it (i.e. yum update gmp).

2016-01-29 09:19:13,028 p=22558 u=root |   
2016-01-29 09:19:13,028 p=22558 u=root |  /usr/bin/ansible-playbook -c paramiko -i ../../inventory/hosts upgrade_with_fullbackup.yml
2016-01-29 09:19:13,028 p=22558 u=root |   
2016-01-29 09:19:13,359 p=22558 u=root |  PLAY [Health Check] ********************************************* 
2016-01-29 09:19:13,360 p=22558 u=root |  TASK: [check_vm_alive | health check for each vm] ********************************* 
2016-01-29 09:19:13,501 p=22558 u=root |  ok: [localhost]
2016-01-29 09:19:13,503 p=22558 u=root |  TASK: [check_vm_alive | health check for each vm] ********************************* 
2016-01-29 09:19:13,514 p=22558 u=root |  skipping: [localhost]
2016-01-29 09:19:13,514 p=22558 u=root |  TASK: [check_vm_alive | health check for each vm] ********************************* 
2016-01-29 09:19:13,667 p=22558 u=root |  ok: [localhost]
2016-01-29 09:19:13,668 p=22558 u=root |  TASK: [check_vm_alive | health check for each vm] ********************************* 
2016-01-29 09:19:13,679 p=22558 u=root |  skipping: [localhost]
2016-01-29 09:19:13,680 p=22558 u=root |  PLAY [check GR status] ******************************************************** 
2016-01-29 09:19:13,681 p=22558 u=root |  TASK: [failed if GR installed] ************************************************ 
2016-01-29 09:19:14,262 p=22558 u=root |  changed: [135.252.141.24]
2016-01-29 09:19:14,263 p=22558 u=root |  PLAY [calculate the space for full backup] ************************************ 
2016-01-29 09:19:14,263 p=22558 u=root |  TASK: [cal_diskspace | calculate the host space] ****************************** 
2016-01-29 09:19:14,329 p=22558 u=root |  changed: [localhost]
2016-01-29 09:19:14,330 p=22558 u=root |  PLAY [stop COM] *************************************************************** 
2016-01-29 09:19:14,330 p=22558 u=root |  TASK: [stop_com | stop com application] *************************************** 
2016-01-29 09:19:23,760 p=22558 u=root |  changed: [135.252.141.24]
2016-01-29 09:19:23,760 p=22558 u=root |  PLAY [stop COM] *************************************************************** 
2016-01-29 09:19:23,761 p=22558 u=root |  skipping: no hosts matched
2016-01-29 09:19:23,761 p=22558 u=root |  PLAY [shutdown VM and prepare data for each VM in data full backup] *********** 
2016-01-29 09:19:23,762 p=22558 u=root |  TASK: [vnf_shutdown_vms | shutdown oam virtual machine] *********************** 
2016-01-29 09:19:24,027 p=22558 u=root |  changed: [localhost]
2016-01-29 09:19:24,028 p=22558 u=root |  TASK: [vnf_shutdown_vms | shutdown cm virtual machine] ************************ 
2016-01-29 09:19:24,036 p=22558 u=root |  skipping: [localhost]
2016-01-29 09:19:24,037 p=22558 u=root |  TASK: [vnf_shutdown_vms | shutdown db virtual machine] ************************ 
2016-01-29 09:19:25,276 p=22558 u=root |  changed: [localhost]
2016-01-29 09:19:25,277 p=22558 u=root |  TASK: [vnf_shutdown_vms | shutdown qosac virtual machine] ********************* 
2016-01-29 09:19:25,287 p=22558 u=root |  skipping: [localhost]
2016-01-29 09:19:25,287 p=22558 u=root |  TASK: [vnf_shutdown_vms | wait for oam virtual machine to shutdown] *********** 
2016-01-29 09:19:35,909 p=22558 u=root |  ok: [localhost]
2016-01-29 09:19:35,909 p=22558 u=root |  TASK: [vnf_shutdown_vms | wait for cm vritual machine to shutdown] ************ 
2016-01-29 09:19:35,915 p=22558 u=root |  skipping: [localhost]
2016-01-29 09:19:35,916 p=22558 u=root |  TASK: [vnf_shutdown_vms | wait for db virtual machine to shutdown] ************ 
2016-01-29 09:19:51,749 p=22558 u=root |  ok: [localhost]
2016-01-29 09:19:51,751 p=22558 u=root |  TASK: [vnf_shutdown_vms | wait for qosac virtual machine to shutdown] ********* 
2016-01-29 09:19:51,759 p=22558 u=root |  skipping: [localhost]
2016-01-29 09:19:51,760 p=22558 u=root |  TASK: [vnf_shutdown_vms | wait for atc virtual machine to shutdown] *********** 
2016-01-29 09:19:51,765 p=22558 u=root |  skipping: [localhost]
2016-01-29 09:19:51,765 p=22558 u=root |  TASK: [vnf_full_backup | create directory on host server for local full backup] *** 
2016-01-29 09:19:52,100 p=22558 u=root |  ok: [localhost]
2016-01-29 09:19:52,101 p=22558 u=root |  TASK: [vnf_full_backup | create tmp_directory on host server for nfs full backup] *** 
2016-01-29 09:19:52,114 p=22558 u=root |  skipping: [localhost]
2016-01-29 09:19:52,115 p=22558 u=root |  TASK: [vnf_full_backup | mkdir to save snapshot for VM] *********************** 
2016-01-29 09:19:52,467 p=22558 u=root |  changed: [localhost]
2016-01-29 09:19:52,468 p=22558 u=root |  TASK: [vnf_full_backup | mkdir to save snapshot for VM(NFS)] ****************** 
2016-01-29 09:19:52,491 p=22558 u=root |  skipping: [localhost]
2016-01-29 09:19:52,493 p=22558 u=root |  TASK: [vnf_full_backup | save root disk snapshot for VM] ********************** 
2016-01-29 09:20:14,117 p=22558 u=root |  changed: [localhost]
2016-01-29 09:20:14,118 p=22558 u=root |  TASK: [vnf_full_backup | save root disk snapshot for VM(NFS)] ***************** 
2016-01-29 09:20:14,139 p=22558 u=root |  skipping: [localhost]
2016-01-29 09:20:14,139 p=22558 u=root |  TASK: [vnf_full_backup | save data disk snapshot for VM] ********************** 
2016-01-29 09:20:20,769 p=22558 u=root |  changed: [localhost]
2016-01-29 09:20:20,770 p=22558 u=root |  TASK: [vnf_full_backup | save data disk snapshot for VM(NFS)] ***************** 
2016-01-29 09:20:20,791 p=22558 u=root |  skipping: [localhost]
2016-01-29 09:20:20,792 p=22558 u=root |  TASK: [vnf_full_backup | save config drive iso snapshot for VM] *************** 
2016-01-29 09:20:20,962 p=22558 u=root |  changed: [localhost]
2016-01-29 09:20:20,962 p=22558 u=root |  TASK: [vnf_full_backup | save config drive iso snapshot for VM(NFS)] ********** 
2016-01-29 09:20:20,982 p=22558 u=root |  skipping: [localhost]
2016-01-29 09:20:20,983 p=22558 u=root |  TASK: [vnf_full_backup | save vm domain xml for VM] *************************** 
2016-01-29 09:20:21,259 p=22558 u=root |  changed: [localhost]
2016-01-29 09:20:21,260 p=22558 u=root |  TASK: [vnf_full_backup | save vm domain xml for VM(NFS)] ********************** 
2016-01-29 09:20:21,280 p=22558 u=root |  skipping: [localhost]
2016-01-29 09:20:21,281 p=22558 u=root |  TASK: [vnf_full_backup | mkdir to save snapshot for VM] *********************** 
2016-01-29 09:20:21,289 p=22558 u=root |  skipping: [localhost]
2016-01-29 09:20:21,290 p=22558 u=root |  TASK: [vnf_full_backup | mkdir to save snapshot for VM(NFS)] ****************** 
2016-01-29 09:20:21,299 p=22558 u=root |  skipping: [localhost]
2016-01-29 09:20:21,299 p=22558 u=root |  TASK: [vnf_full_backup | save root disk snapshot for VM] ********************** 
2016-01-29 09:20:21,307 p=22558 u=root |  skipping: [localhost]
2016-01-29 09:20:21,307 p=22558 u=root |  TASK: [vnf_full_backup | save root disk snapshot for VM(NFS)] ***************** 
2016-01-29 09:20:21,315 p=22558 u=root |  skipping: [localhost]
2016-01-29 09:20:21,315 p=22558 u=root |  TASK: [vnf_full_backup | save data disk snapshot for VM] ********************** 
2016-01-29 09:20:21,323 p=22558 u=root |  skipping: [localhost]
2016-01-29 09:20:21,323 p=22558 u=root |  TASK: [vnf_full_backup | save data disk snapshot for VM(NFS)] ***************** 
2016-01-29 09:20:21,331 p=22558 u=root |  skipping: [localhost]
2016-01-29 09:20:21,332 p=22558 u=root |  TASK: [vnf_full_backup | save config drive iso snapshot for VM] *************** 
2016-01-29 09:20:21,339 p=22558 u=root |  skipping: [localhost]
2016-01-29 09:20:21,340 p=22558 u=root |  TASK: [vnf_full_backup | save config drive iso snapshot for VM(NFS)] ********** 
2016-01-29 09:20:21,347 p=22558 u=root |  skipping: [localhost]
2016-01-29 09:20:21,348 p=22558 u=root |  TASK: [vnf_full_backup | save vm domain xml for VM] *************************** 
2016-01-29 09:20:21,355 p=22558 u=root |  skipping: [localhost]
2016-01-29 09:20:21,355 p=22558 u=root |  TASK: [vnf_full_backup | save vm domain xml for VM(NFS)] ********************** 
2016-01-29 09:20:21,364 p=22558 u=root |  skipping: [localhost]
2016-01-29 09:20:21,364 p=22558 u=root |  TASK: [vnf_full_backup | mkdir to save snapshot for VM] *********************** 
2016-01-29 09:20:21,668 p=22558 u=root |  changed: [localhost]
2016-01-29 09:20:21,668 p=22558 u=root |  TASK: [vnf_full_backup | mkdir to save snapshot for VM(NFS)] ****************** 
2016-01-29 09:20:21,678 p=22558 u=root |  skipping: [localhost]
2016-01-29 09:20:21,679 p=22558 u=root |  TASK: [vnf_full_backup | save root disk snapshot for VM] ********************** 
2016-01-29 09:21:14,852 p=22558 u=root |  changed: [localhost]
2016-01-29 09:21:14,854 p=22558 u=root |  TASK: [vnf_full_backup | save root disk snapshot for VM(NFS)] ***************** 
2016-01-29 09:21:14,874 p=22558 u=root |  skipping: [localhost]
2016-01-29 09:21:14,874 p=22558 u=root |  TASK: [vnf_full_backup | save data disk snapshot for VM] ********************** 
2016-01-29 09:22:43,007 p=22558 u=root |  changed: [localhost]
2016-01-29 09:22:43,008 p=22558 u=root |  TASK: [vnf_full_backup | save data disk snapshot for VM(NFS)] ***************** 
2016-01-29 09:22:43,029 p=22558 u=root |  skipping: [localhost]
2016-01-29 09:22:43,029 p=22558 u=root |  TASK: [vnf_full_backup | save config drive iso snapshot for VM] *************** 
2016-01-29 09:22:43,297 p=22558 u=root |  changed: [localhost]
2016-01-29 09:22:43,298 p=22558 u=root |  TASK: [vnf_full_backup | save config drive iso snapshot for VM(NFS)] ********** 
2016-01-29 09:22:43,318 p=22558 u=root |  skipping: [localhost]
2016-01-29 09:22:43,319 p=22558 u=root |  TASK: [vnf_full_backup | save vm domain xml for VM] *************************** 
2016-01-29 09:22:43,581 p=22558 u=root |  changed: [localhost]
2016-01-29 09:22:43,582 p=22558 u=root |  TASK: [vnf_full_backup | save vm domain xml for VM(NFS)] ********************** 
2016-01-29 09:22:43,605 p=22558 u=root |  skipping: [localhost]
2016-01-29 09:22:43,606 p=22558 u=root |  TASK: [vnf_full_backup | mkdir to save snapshot for VM] *********************** 
2016-01-29 09:22:43,615 p=22558 u=root |  skipping: [localhost]
2016-01-29 09:22:43,616 p=22558 u=root |  TASK: [vnf_full_backup | mkdir to save snapshot for VM(NFS)] ****************** 
2016-01-29 09:22:43,624 p=22558 u=root |  skipping: [localhost]
2016-01-29 09:22:43,625 p=22558 u=root |  TASK: [vnf_full_backup | save root disk snapshot for VM] ********************** 
2016-01-29 09:22:43,634 p=22558 u=root |  skipping: [localhost]
2016-01-29 09:22:43,634 p=22558 u=root |  TASK: [vnf_full_backup | save root disk snapshot for VM(NFS)] ***************** 
2016-01-29 09:22:43,643 p=22558 u=root |  skipping: [localhost]
2016-01-29 09:22:43,643 p=22558 u=root |  TASK: [vnf_full_backup | save data disk snapshot for VM] ********************** 
2016-01-29 09:22:43,652 p=22558 u=root |  skipping: [localhost]
2016-01-29 09:22:43,653 p=22558 u=root |  TASK: [vnf_full_backup | save data disk snapshot for VM(NFS)] ***************** 
2016-01-29 09:22:43,662 p=22558 u=root |  skipping: [localhost]
2016-01-29 09:22:43,663 p=22558 u=root |  TASK: [vnf_full_backup | save config drive iso snapshot for VM] *************** 
2016-01-29 09:22:43,671 p=22558 u=root |  skipping: [localhost]
2016-01-29 09:22:43,672 p=22558 u=root |  TASK: [vnf_full_backup | save config drive iso snapshot for VM(NFS)] ********** 
2016-01-29 09:22:43,680 p=22558 u=root |  skipping: [localhost]
2016-01-29 09:22:43,681 p=22558 u=root |  TASK: [vnf_full_backup | save vm domain xml for VM] *************************** 
2016-01-29 09:22:43,688 p=22558 u=root |  skipping: [localhost]
2016-01-29 09:22:43,689 p=22558 u=root |  TASK: [vnf_full_backup | save vm domain xml for VM(NFS)] ********************** 
2016-01-29 09:22:43,697 p=22558 u=root |  skipping: [localhost]
2016-01-29 09:22:43,697 p=22558 u=root |  TASK: [vnf_full_backup | copy comstack.json file if it exists] **************** 
2016-01-29 09:22:43,839 p=22558 u=root |  ok: [localhost -> 127.0.0.1]
2016-01-29 09:22:43,840 p=22558 u=root |  TASK: [vnf_full_backup | copy /opt/PlexView/ELCM/datasource/comstack.json] **** 
2016-01-29 09:22:44,154 p=22558 u=root |  changed: [localhost]
2016-01-29 09:22:44,155 p=22558 u=root |  TASK: [vnf_full_backup | copy /opt/PlexView/ELCM/datasource/comstack.json(NFS)] *** 
2016-01-29 09:22:44,173 p=22558 u=root |  skipping: [localhost]
2016-01-29 09:22:44,174 p=22558 u=root |  TASK: [vnf_start_vms | start virtual machine] ********************************* 
2016-01-29 09:22:47,705 p=22558 u=root |  changed: [localhost]
2016-01-29 09:22:47,706 p=22558 u=root |  TASK: [vnf_start_vms | start virtual machine] ********************************* 
2016-01-29 09:22:47,717 p=22558 u=root |  skipping: [localhost]
2016-01-29 09:22:47,718 p=22558 u=root |  TASK: [vnf_start_vms | start virtual machine] ********************************* 
2016-01-29 09:22:49,662 p=22558 u=root |  changed: [localhost]
2016-01-29 09:22:49,663 p=22558 u=root |  TASK: [vnf_start_vms | start virtual machine] ********************************* 
2016-01-29 09:22:49,673 p=22558 u=root |  skipping: [localhost]
2016-01-29 09:22:49,674 p=22558 u=root |  TASK: [vnf_wait_for_alive | wait for server to alive] ************************* 
2016-01-29 09:23:47,906 p=22558 u=root |  ok: [localhost -> 127.0.0.1]
2016-01-29 09:23:47,908 p=22558 u=root |  TASK: [vnf_wait_for_alive | delay 5 seconds so that OS is in stable state] **** 
2016-01-29 09:23:53,075 p=22558 u=root |  ok: [localhost -> 127.0.0.1]
2016-01-29 09:23:53,076 p=22558 u=root |  TASK: [vnf_wait_for_alive | wait for server to alive] ************************* 
2016-01-29 09:23:53,089 p=22558 u=root |  skipping: [localhost]
2016-01-29 09:23:53,090 p=22558 u=root |  TASK: [vnf_wait_for_alive | delay 5 seconds so that OS is in stable state] **** 
2016-01-29 09:23:53,099 p=22558 u=root |  skipping: [localhost]
2016-01-29 09:23:53,100 p=22558 u=root |  TASK: [vnf_wait_for_alive | wait for server to alive] ************************* 
2016-01-29 09:23:53,255 p=22558 u=root |  ok: [localhost -> 127.0.0.1]
2016-01-29 09:23:53,256 p=22558 u=root |  TASK: [vnf_wait_for_alive | delay 5 seconds so that OS is in stable state] **** 
2016-01-29 09:23:58,538 p=22558 u=root |  ok: [localhost -> 127.0.0.1]
2016-01-29 09:23:58,539 p=22558 u=root |  TASK: [vnf_wait_for_alive | wait for server to alive] ************************* 
2016-01-29 09:23:58,553 p=22558 u=root |  skipping: [localhost]
2016-01-29 09:23:58,554 p=22558 u=root |  TASK: [vnf_wait_for_alive | delay 5 seconds so that OS is in stable state] **** 
2016-01-29 09:23:58,564 p=22558 u=root |  skipping: [localhost]
2016-01-29 09:23:58,565 p=22558 u=root |  PLAY [start com application] ************************************************** 
2016-01-29 09:23:58,566 p=22558 u=root |  TASK: [start_com | start com application] ************************************* 
2016-01-29 09:24:11,668 p=22558 u=root |  changed: [135.252.141.24]
2016-01-29 09:24:11,668 p=22558 u=root |  PLAY [start com application] ************************************************** 
2016-01-29 09:24:11,669 p=22558 u=root |  skipping: no hosts matched
2016-01-29 09:24:11,669 p=22558 u=root |  PLAY [save qcow2 files from mount directory to nfs server] ******************** 
2016-01-29 09:24:11,669 p=22558 u=root |  TASK: [vnf_backup_to_nfs | COM application has been started!] ***************** 
2016-01-29 09:24:11,682 p=22558 u=root |  skipping: [localhost]
2016-01-29 09:24:11,683 p=22558 u=root |  TASK: [vnf_backup_to_nfs | create nfs directory on host server] *************** 
2016-01-29 09:24:11,694 p=22558 u=root |  skipping: [localhost]
2016-01-29 09:24:11,695 p=22558 u=root |  TASK: [vnf_backup_to_nfs | mount nfs directory] ******************************* 
2016-01-29 09:24:11,707 p=22558 u=root |  skipping: [localhost]
2016-01-29 09:24:11,707 p=22558 u=root |  TASK: [vnf_backup_to_nfs | copy qcow2 in tmp files to nfs server] ************* 
2016-01-29 09:24:11,721 p=22558 u=root |  skipping: [localhost]
2016-01-29 09:24:11,722 p=22558 u=root |  TASK: [vnf_backup_to_nfs | copy qcow2 in tmp files to nfs server] ************* 
2016-01-29 09:24:11,736 p=22558 u=root |  skipping: [localhost]
2016-01-29 09:24:11,736 p=22558 u=root |  TASK: [vnf_backup_to_nfs | copy qcow2 in tmp files to nfs server] ************* 
2016-01-29 09:24:11,751 p=22558 u=root |  skipping: [localhost]
2016-01-29 09:24:11,752 p=22558 u=root |  TASK: [vnf_backup_to_nfs | copy qcow2 in tmp files to nfs server] ************* 
2016-01-29 09:24:11,765 p=22558 u=root |  skipping: [localhost]
2016-01-29 09:24:11,766 p=22558 u=root |  TASK: [vnf_backup_to_nfs | copy comstack.json to nfs directory] *************** 
2016-01-29 09:24:11,778 p=22558 u=root |  skipping: [localhost]
2016-01-29 09:24:11,778 p=22558 u=root |  PLAY [check GR status] ******************************************************** 
2016-01-29 09:24:11,779 p=22558 u=root |  TASK: [failed if GR installed] ************************************************ 
2016-01-29 09:24:12,391 p=22558 u=root |  changed: [135.252.141.24]
2016-01-29 09:24:12,392 p=22558 u=root |  PLAY [check virtual machine hostname] ***************************************** 
2016-01-29 09:24:12,393 p=22558 u=root |  TASK: [vnf_check_hostname | check hostname for CM or FCAPS] ******************* 
2016-01-29 09:24:12,400 p=22558 u=root |  skipping: [localhost]
2016-01-29 09:24:12,400 p=22558 u=root |  TASK: [vnf_check_hostname | check hostname for OAM] *************************** 
2016-01-29 09:24:12,411 p=22558 u=root |  ok: [localhost -> 127.0.0.1]
2016-01-29 09:24:12,411 p=22558 u=root |  PLAY [ckeck qcow2 cksum] ****************************************************** 
2016-01-29 09:24:12,412 p=22558 u=root |  TASK: [vnf_cksum_qcow2 | make sure qcow2 cksum file exists] ******************* 
2016-01-29 09:24:12,725 p=22558 u=root |  ok: [localhost]
2016-01-29 09:24:12,726 p=22558 u=root |  TASK: [vnf_cksum_qcow2 | create temp cksum file] ****************************** 
2016-01-29 09:25:20,660 p=22558 u=root |  changed: [localhost]
2016-01-29 09:25:20,661 p=22558 u=root |  TASK: [vnf_cksum_qcow2 | check cksum differences] ***************************** 
2016-01-29 09:25:20,865 p=22558 u=root |  changed: [localhost]
2016-01-29 09:25:20,867 p=22558 u=root |  TASK: [vnf_cksum_qcow2 | delete temp cksum file] ****************************** 
2016-01-29 09:25:21,146 p=22558 u=root |  changed: [localhost]
2016-01-29 09:25:21,147 p=22558 u=root |  TASK: [vnf_cksum_qcow2 | make sure qcow2 cksum file exists] ******************* 
2016-01-29 09:25:21,357 p=22558 u=root |  ok: [localhost]
2016-01-29 09:25:21,358 p=22558 u=root |  TASK: [vnf_cksum_qcow2 | create temp cksum file] ****************************** 
2016-01-29 09:26:31,286 p=22558 u=root |  changed: [localhost]
2016-01-29 09:26:31,287 p=22558 u=root |  TASK: [vnf_cksum_qcow2 | check cksum differences] ***************************** 
2016-01-29 09:26:31,528 p=22558 u=root |  changed: [localhost]
2016-01-29 09:26:31,529 p=22558 u=root |  TASK: [vnf_cksum_qcow2 | delete temp cksum file] ****************************** 
2016-01-29 09:26:31,855 p=22558 u=root |  changed: [localhost]
2016-01-29 09:26:31,856 p=22558 u=root |  TASK: [vnf_cksum_qcow2 | make sure qcow2 cksum file exists] ******************* 
2016-01-29 09:26:31,868 p=22558 u=root |  skipping: [localhost]
2016-01-29 09:26:31,868 p=22558 u=root |  TASK: [vnf_cksum_qcow2 | create temp cksum file] ****************************** 
2016-01-29 09:26:31,878 p=22558 u=root |  skipping: [localhost]
2016-01-29 09:26:31,878 p=22558 u=root |  TASK: [vnf_cksum_qcow2 | check cksum differences] ***************************** 
2016-01-29 09:26:31,887 p=22558 u=root |  skipping: [localhost]
2016-01-29 09:26:31,887 p=22558 u=root |  TASK: [vnf_cksum_qcow2 | delete temp cksum file] ****************************** 
2016-01-29 09:26:31,897 p=22558 u=root |  skipping: [localhost]
2016-01-29 09:26:31,897 p=22558 u=root |  PLAY [stop COM] *************************************************************** 
2016-01-29 09:26:31,898 p=22558 u=root |  TASK: [stop_com | stop com application] *************************************** 
2016-01-29 09:28:27,021 p=22558 u=root |  changed: [135.252.141.24]
2016-01-29 09:28:27,021 p=22558 u=root |  PLAY [stop COM] *************************************************************** 
2016-01-29 09:28:27,022 p=22558 u=root |  skipping: no hosts matched
2016-01-29 09:28:27,022 p=22558 u=root |  PLAY [backup com data] ******************************************************** 
2016-01-29 09:28:27,023 p=22558 u=root |  TASK: [backup_data | create local backup directory] *************************** 
2016-01-29 09:28:27,675 p=22558 u=root |  ok: [135.252.141.24]
2016-01-29 09:28:27,757 p=22558 u=root |  ok: [135.252.141.25]
2016-01-29 09:28:27,773 p=22558 u=root |  TASK: [backup_data | mount nfs directory] ************************************* 
2016-01-29 09:28:27,817 p=22558 u=root |  skipping: [135.252.141.24]
2016-01-29 09:28:27,817 p=22558 u=root |  skipping: [135.252.141.25]
2016-01-29 09:28:27,835 p=22558 u=root |  TASK: [backup_data | backup data] ********************************************* 
2016-01-29 09:29:17,143 p=22558 u=root |  changed: [135.252.141.24]
2016-01-29 09:29:30,356 p=22558 u=root |  changed: [135.252.141.25]
2016-01-29 09:29:30,373 p=22558 u=root |  TASK: [backup_data | backup data for CSA and CFMA] **************************** 
2016-01-29 09:29:30,413 p=22558 u=root |  skipping: [135.252.141.24]
2016-01-29 09:29:30,415 p=22558 u=root |  skipping: [135.252.141.25]
2016-01-29 09:29:30,432 p=22558 u=root |  TASK: [backup_data | remove qosac backup data] ******************************** 
2016-01-29 09:29:30,468 p=22558 u=root |  skipping: [135.252.141.24]
2016-01-29 09:29:30,469 p=22558 u=root |  skipping: [135.252.141.25]
2016-01-29 09:29:30,485 p=22558 u=root |  TASK: [backup_data | backup data qosac data] ********************************** 
2016-01-29 09:29:30,518 p=22558 u=root |  skipping: [135.252.141.24]
2016-01-29 09:29:30,523 p=22558 u=root |  skipping: [135.252.141.25]
2016-01-29 09:29:30,537 p=22558 u=root |  TASK: [backup_data | synchronize data to disk] ******************************** 
2016-01-29 09:29:31,789 p=22558 u=root |  changed: [135.252.141.25]
2016-01-29 09:29:31,946 p=22558 u=root |  changed: [135.252.141.24]
2016-01-29 09:29:31,962 p=22558 u=root |  PLAY [prepare data for virtual machines] ************************************** 
2016-01-29 09:29:31,964 p=22558 u=root |  TASK: [vnf_prepare_vms | create data directory for virtual machine] *********** 
2016-01-29 09:29:32,260 p=22558 u=root |  changed: [localhost]
2016-01-29 09:29:32,261 p=22558 u=root |  TASK: [vnf_prepare_vms | generate domain xml for virtual machine] ************* 
2016-01-29 09:29:32,601 p=22558 u=root |  changed: [localhost]
2016-01-29 09:29:32,601 p=22558 u=root |  TASK: [vnf_prepare_vms | generate meta data for cloud init] ******************* 
2016-01-29 09:29:32,944 p=22558 u=root |  changed: [localhost]
2016-01-29 09:29:32,945 p=22558 u=root |  TASK: [vnf_prepare_vms | generate cloud-config for cloud init] **************** 
2016-01-29 09:29:33,265 p=22558 u=root |  changed: [localhost]
2016-01-29 09:29:33,266 p=22558 u=root |  TASK: [vnf_prepare_vms | generate user-script for clout init] ***************** 
2016-01-29 09:29:33,594 p=22558 u=root |  changed: [localhost]
2016-01-29 09:29:33,595 p=22558 u=root |  TASK: [vnf_prepare_vms | upload write-mime-mulitpart.py script] *************** 
2016-01-29 09:29:33,894 p=22558 u=root |  changed: [localhost]
2016-01-29 09:29:33,895 p=22558 u=root |  TASK: [vnf_prepare_vms | generate user-data for clout init] ******************* 
2016-01-29 09:29:34,118 p=22558 u=root |  changed: [localhost]
2016-01-29 09:29:34,119 p=22558 u=root |  TASK: [vnf_prepare_vms | generate config drive iso] *************************** 
2016-01-29 09:29:34,301 p=22558 u=root |  changed: [localhost]
2016-01-29 09:29:34,302 p=22558 u=root |  TASK: [vnf_prepare_vms | create data directory for virtual machine] *********** 
2016-01-29 09:29:34,312 p=22558 u=root |  skipping: [localhost]
2016-01-29 09:29:34,313 p=22558 u=root |  TASK: [vnf_prepare_vms | generate domain xml for virtual machine] ************* 
2016-01-29 09:29:34,321 p=22558 u=root |  skipping: [localhost]
2016-01-29 09:29:34,322 p=22558 u=root |  TASK: [vnf_prepare_vms | generate meta data for cloud init] ******************* 
2016-01-29 09:29:34,330 p=22558 u=root |  skipping: [localhost]
2016-01-29 09:29:34,330 p=22558 u=root |  TASK: [vnf_prepare_vms | generate cloud-config for cloud init] **************** 
2016-01-29 09:29:34,340 p=22558 u=root |  skipping: [localhost]
2016-01-29 09:29:34,341 p=22558 u=root |  TASK: [vnf_prepare_vms | generate user-script for clout init] ***************** 
2016-01-29 09:29:34,350 p=22558 u=root |  skipping: [localhost]
2016-01-29 09:29:34,351 p=22558 u=root |  TASK: [vnf_prepare_vms | upload write-mime-mulitpart.py script] *************** 
2016-01-29 09:29:34,358 p=22558 u=root |  skipping: [localhost]
2016-01-29 09:29:34,359 p=22558 u=root |  TASK: [vnf_prepare_vms | generate user-data for clout init] ******************* 
2016-01-29 09:29:34,367 p=22558 u=root |  skipping: [localhost]
2016-01-29 09:29:34,367 p=22558 u=root |  TASK: [vnf_prepare_vms | generate config drive iso] *************************** 
2016-01-29 09:29:34,375 p=22558 u=root |  skipping: [localhost]
2016-01-29 09:29:34,376 p=22558 u=root |  TASK: [vnf_prepare_vms | create data directory for virtual machine] *********** 
2016-01-29 09:29:34,570 p=22558 u=root |  changed: [localhost]
2016-01-29 09:29:34,571 p=22558 u=root |  TASK: [vnf_prepare_vms | generate domain xml for virtual machine] ************* 
2016-01-29 09:29:34,885 p=22558 u=root |  changed: [localhost]
2016-01-29 09:29:34,886 p=22558 u=root |  TASK: [vnf_prepare_vms | generate meta data for cloud init] ******************* 
2016-01-29 09:29:35,216 p=22558 u=root |  changed: [localhost]
2016-01-29 09:29:35,217 p=22558 u=root |  TASK: [vnf_prepare_vms | generate cloud-config for cloud init] **************** 
2016-01-29 09:29:35,566 p=22558 u=root |  changed: [localhost]
2016-01-29 09:29:35,567 p=22558 u=root |  TASK: [vnf_prepare_vms | generate user-script for clout init] ***************** 
2016-01-29 09:29:35,840 p=22558 u=root |  changed: [localhost]
2016-01-29 09:29:35,841 p=22558 u=root |  TASK: [vnf_prepare_vms | upload write-mime-mulitpart.py script] *************** 
2016-01-29 09:29:36,135 p=22558 u=root |  changed: [localhost]
2016-01-29 09:29:36,136 p=22558 u=root |  TASK: [vnf_prepare_vms | generate user-data for clout init] ******************* 
2016-01-29 09:29:36,364 p=22558 u=root |  changed: [localhost]
2016-01-29 09:29:36,365 p=22558 u=root |  TASK: [vnf_prepare_vms | generate config drive iso] *************************** 
2016-01-29 09:29:36,527 p=22558 u=root |  changed: [localhost]
2016-01-29 09:29:36,528 p=22558 u=root |  TASK: [vnf_prepare_vms | create data directory for virtual machine] *********** 
2016-01-29 09:29:36,539 p=22558 u=root |  skipping: [localhost]
2016-01-29 09:29:36,539 p=22558 u=root |  TASK: [vnf_prepare_vms | generate domain xml for virtual machine] ************* 
2016-01-29 09:29:36,549 p=22558 u=root |  skipping: [localhost]
2016-01-29 09:29:36,550 p=22558 u=root |  TASK: [vnf_prepare_vms | generate meta data for cloud init] ******************* 
2016-01-29 09:29:36,557 p=22558 u=root |  skipping: [localhost]
2016-01-29 09:29:36,558 p=22558 u=root |  TASK: [vnf_prepare_vms | generate cloud-config for cloud init] **************** 
2016-01-29 09:29:36,567 p=22558 u=root |  skipping: [localhost]
2016-01-29 09:29:36,568 p=22558 u=root |  TASK: [vnf_prepare_vms | generate user-script for clout init] ***************** 
2016-01-29 09:29:36,575 p=22558 u=root |  skipping: [localhost]
2016-01-29 09:29:36,576 p=22558 u=root |  TASK: [vnf_prepare_vms | upload write-mime-mulitpart.py script] *************** 
2016-01-29 09:29:36,584 p=22558 u=root |  skipping: [localhost]
2016-01-29 09:29:36,584 p=22558 u=root |  TASK: [vnf_prepare_vms | generate user-data for clout init] ******************* 
2016-01-29 09:29:36,592 p=22558 u=root |  skipping: [localhost]
2016-01-29 09:29:36,592 p=22558 u=root |  TASK: [vnf_prepare_vms | generate config drive iso] *************************** 
2016-01-29 09:29:36,600 p=22558 u=root |  skipping: [localhost]
2016-01-29 09:29:36,600 p=22558 u=root |  PLAY [gather host facts] ****************************************************** 
2016-01-29 09:29:36,601 p=22558 u=root |  GATHERING FACTS *************************************************************** 
2016-01-29 09:29:37,247 p=22558 u=root |  ok: [localhost]
2016-01-29 09:29:37,248 p=22558 u=root |  PLAY [prepare data for virtual machines] ************************************** 
2016-01-29 09:29:37,248 p=22558 u=root |  TASK: [vnf_prepare_instopt | create data directory for virtual machine] ******* 
2016-01-29 09:29:37,568 p=22558 u=root |  ok: [localhost]
2016-01-29 09:29:37,569 p=22558 u=root |  TASK: [vnf_prepare_instopt | generate install options] ************************ 
2016-01-29 09:29:37,968 p=22558 u=root |  changed: [localhost]
2016-01-29 09:29:37,969 p=22558 u=root |  TASK: [vnf_prepare_instopt | create data directory for virtual machine] ******* 
2016-01-29 09:29:37,979 p=22558 u=root |  skipping: [localhost]
2016-01-29 09:29:37,980 p=22558 u=root |  TASK: [vnf_prepare_instopt | generate install options] ************************ 
2016-01-29 09:29:37,988 p=22558 u=root |  skipping: [localhost]
2016-01-29 09:29:37,989 p=22558 u=root |  TASK: [vnf_prepare_instopt | create data directory for virtual machine] ******* 
2016-01-29 09:29:38,268 p=22558 u=root |  ok: [localhost]
2016-01-29 09:29:38,269 p=22558 u=root |  TASK: [vnf_prepare_instopt | generate install options] ************************ 
2016-01-29 09:29:38,645 p=22558 u=root |  changed: [localhost]
2016-01-29 09:29:38,646 p=22558 u=root |  TASK: [vnf_prepare_instopt | create data directory for virtual machine] ******* 
2016-01-29 09:29:38,657 p=22558 u=root |  skipping: [localhost]
2016-01-29 09:29:38,657 p=22558 u=root |  TASK: [vnf_prepare_instopt | generate install options] ************************ 
2016-01-29 09:29:38,665 p=22558 u=root |  skipping: [localhost]
2016-01-29 09:29:38,666 p=22558 u=root |  PLAY [prepare host server environment] **************************************** 
2016-01-29 09:29:38,667 p=22558 u=root |  TASK: [prepare_host_env | create deployment directory] ************************ 
2016-01-29 09:29:38,979 p=22558 u=root |  ok: [localhost]
2016-01-29 09:29:38,980 p=22558 u=root |  TASK: [prepare_host_env | create directory for virtual machine] *************** 
2016-01-29 09:29:39,284 p=22558 u=root |  ok: [localhost]
2016-01-29 09:29:39,285 p=22558 u=root |  TASK: [prepare_host_env | create directory for virtual machine] *************** 
2016-01-29 09:29:39,297 p=22558 u=root |  skipping: [localhost]
2016-01-29 09:29:39,298 p=22558 u=root |  TASK: [prepare_host_env | create directory for virtual machine] *************** 
2016-01-29 09:29:39,618 p=22558 u=root |  ok: [localhost]
2016-01-29 09:29:39,619 p=22558 u=root |  TASK: [prepare_host_env | create directory for virtual machine] *************** 
2016-01-29 09:29:39,630 p=22558 u=root |  skipping: [localhost]
2016-01-29 09:29:39,631 p=22558 u=root |  TASK: [prepare_host_env | upload domain xml for virtual machine] ************** 
2016-01-29 09:29:40,002 p=22558 u=root |  ok: [localhost]
2016-01-29 09:29:40,003 p=22558 u=root |  TASK: [prepare_host_env | upload config drive for virtual machine] ************ 
2016-01-29 09:29:40,383 p=22558 u=root |  changed: [localhost]
2016-01-29 09:29:40,384 p=22558 u=root |  TASK: [prepare_host_env | upload domain xml for virtual machine] ************** 
2016-01-29 09:29:40,394 p=22558 u=root |  skipping: [localhost]
2016-01-29 09:29:40,395 p=22558 u=root |  TASK: [prepare_host_env | upload config drive for virtual machine] ************ 
2016-01-29 09:29:40,405 p=22558 u=root |  skipping: [localhost]
2016-01-29 09:29:40,406 p=22558 u=root |  TASK: [prepare_host_env | upload domain xml for virtual machine] ************** 
2016-01-29 09:29:40,749 p=22558 u=root |  ok: [localhost]
2016-01-29 09:29:40,750 p=22558 u=root |  TASK: [prepare_host_env | upload config drive for virtual machine] ************ 
2016-01-29 09:29:41,104 p=22558 u=root |  changed: [localhost]
2016-01-29 09:29:41,106 p=22558 u=root |  TASK: [prepare_host_env | upload domain xml for virtual machine] ************** 
2016-01-29 09:29:41,115 p=22558 u=root |  skipping: [localhost]
2016-01-29 09:29:41,116 p=22558 u=root |  TASK: [prepare_host_env | upload config drive for virtual machine] ************ 
2016-01-29 09:29:41,124 p=22558 u=root |  skipping: [localhost]
2016-01-29 09:29:41,126 p=22558 u=root |  PLAY [create virtual machines] ************************************************ 
2016-01-29 09:29:41,127 p=22558 u=root |  TASK: [vnf_delete_vms | destroy virtual machine] ****************************** 
2016-01-29 09:29:42,443 p=22558 u=root |  changed: [localhost]
2016-01-29 09:29:42,444 p=22558 u=root |  TASK: [vnf_delete_vms | destroy virtual machine] ****************************** 
2016-01-29 09:29:42,455 p=22558 u=root |  skipping: [localhost]
2016-01-29 09:29:42,456 p=22558 u=root |  TASK: [vnf_delete_vms | destroy virtual machine] ****************************** 
2016-01-29 09:29:43,987 p=22558 u=root |  changed: [localhost]
2016-01-29 09:29:43,988 p=22558 u=root |  TASK: [vnf_delete_vms | destroy virtual machine] ****************************** 
2016-01-29 09:29:44,000 p=22558 u=root |  skipping: [localhost]
2016-01-29 09:29:44,001 p=22558 u=root |  TASK: [vnf_delete_vms | debug msg="All VMs have been destroyed."] ************* 
2016-01-29 09:29:44,004 p=22558 u=root |  ok: [localhost] => {
    "msg": "All VMs have been destroyed."
}
2016-01-29 09:29:44,004 p=22558 u=root |  TASK: [vnf_delete_vms | undefine virtual machine] ***************************** 
2016-01-29 09:29:45,207 p=22558 u=root |  ok: [localhost]
2016-01-29 09:29:45,208 p=22558 u=root |  TASK: [vnf_delete_vms | query virtual machine status] ************************* 
2016-01-29 09:29:45,412 p=22558 u=root |  failed: [localhost] => {"failed": true}
2016-01-29 09:29:45,412 p=22558 u=root |  msg: virtual machine Ericgr1M001OAM01 not found
2016-01-29 09:29:45,412 p=22558 u=root |  ...ignoring
2016-01-29 09:29:45,413 p=22558 u=root |  TASK: [vnf_delete_vms | make sure undefine virtual machine] ******************* 
2016-01-29 09:29:45,429 p=22558 u=root |  ok: [localhost]
2016-01-29 09:29:45,429 p=22558 u=root |  TASK: [vnf_delete_vms | undefine virtual machine] ***************************** 
2016-01-29 09:29:45,438 p=22558 u=root |  skipping: [localhost]
2016-01-29 09:29:45,438 p=22558 u=root |  TASK: [vnf_delete_vms | query virtual machine status] ************************* 
2016-01-29 09:29:45,447 p=22558 u=root |  skipping: [localhost]
2016-01-29 09:29:45,448 p=22558 u=root |  TASK: [vnf_delete_vms | make sure undefine virtual machine] ******************* 
2016-01-29 09:29:45,457 p=22558 u=root |  skipping: [localhost]
2016-01-29 09:29:45,457 p=22558 u=root |  TASK: [vnf_delete_vms | undefine virtual machine] ***************************** 
2016-01-29 09:29:45,653 p=22558 u=root |  ok: [localhost]
2016-01-29 09:29:45,654 p=22558 u=root |  TASK: [vnf_delete_vms | query virtual machine status] ************************* 
2016-01-29 09:29:45,854 p=22558 u=root |  failed: [localhost] => {"failed": true}
2016-01-29 09:29:45,855 p=22558 u=root |  msg: virtual machine Ericgr1M002DB01 not found
2016-01-29 09:29:45,855 p=22558 u=root |  ...ignoring
2016-01-29 09:29:45,856 p=22558 u=root |  TASK: [vnf_delete_vms | make sure undefine virtual machine] ******************* 
2016-01-29 09:29:45,873 p=22558 u=root |  ok: [localhost]
2016-01-29 09:29:45,874 p=22558 u=root |  TASK: [vnf_delete_vms | undefine virtual machine] ***************************** 
2016-01-29 09:29:45,883 p=22558 u=root |  skipping: [localhost]
2016-01-29 09:29:45,884 p=22558 u=root |  TASK: [vnf_delete_vms | query virtual machine status] ************************* 
2016-01-29 09:29:45,893 p=22558 u=root |  skipping: [localhost]
2016-01-29 09:29:45,894 p=22558 u=root |  TASK: [vnf_delete_vms | make sure undefine virtual machine] ******************* 
2016-01-29 09:29:45,903 p=22558 u=root |  skipping: [localhost]
2016-01-29 09:29:45,903 p=22558 u=root |  TASK: [vnf_delete_vms | debug msg="All VMs have been deleted."] *************** 
2016-01-29 09:29:45,907 p=22558 u=root |  ok: [localhost] => {
    "msg": "All VMs have been deleted."
}
2016-01-29 09:29:45,907 p=22558 u=root |  TASK: [vnf_create_vms | copy qcow2 disk image] ******************************** 
2016-01-29 09:30:01,652 p=22558 u=root |  changed: [localhost]
2016-01-29 09:30:01,653 p=22558 u=root |  TASK: [vnf_create_vms | copy iso image] *************************************** 
2016-01-29 09:30:01,677 p=22558 u=root |  skipping: [localhost]
2016-01-29 09:30:01,677 p=22558 u=root |  TASK: [vnf_create_vms | create virtual machine instance] ********************** 
2016-01-29 09:30:01,898 p=22558 u=root |  changed: [localhost]
2016-01-29 09:30:01,899 p=22558 u=root |  TASK: [vnf_create_vms | set VM to autostart with host] ************************ 
2016-01-29 09:30:02,103 p=22558 u=root |  ok: [localhost]
2016-01-29 09:30:02,104 p=22558 u=root |  TASK: [vnf_create_vms | start virtual machine] ******************************** 
2016-01-29 09:30:03,821 p=22558 u=root |  changed: [localhost]
2016-01-29 09:30:03,822 p=22558 u=root |  TASK: [vnf_create_vms | copy qcow2 disk image] ******************************** 
2016-01-29 09:30:03,833 p=22558 u=root |  skipping: [localhost]
2016-01-29 09:30:03,833 p=22558 u=root |  TASK: [vnf_create_vms | copy iso image] *************************************** 
2016-01-29 09:30:03,842 p=22558 u=root |  skipping: [localhost]
2016-01-29 09:30:03,842 p=22558 u=root |  TASK: [vnf_create_vms | create virtual machine instance] ********************** 
2016-01-29 09:30:03,851 p=22558 u=root |  skipping: [localhost]
2016-01-29 09:30:03,851 p=22558 u=root |  TASK: [vnf_create_vms | set VM to autostart with host] ************************ 
2016-01-29 09:30:03,860 p=22558 u=root |  skipping: [localhost]
2016-01-29 09:30:03,860 p=22558 u=root |  TASK: [vnf_create_vms | start virtual machine] ******************************** 
2016-01-29 09:30:03,869 p=22558 u=root |  skipping: [localhost]
2016-01-29 09:30:03,869 p=22558 u=root |  TASK: [vnf_create_vms | copy qcow2 disk image] ******************************** 
2016-01-29 09:30:25,491 p=22558 u=root |  changed: [localhost]
2016-01-29 09:30:25,493 p=22558 u=root |  TASK: [vnf_create_vms | copy iso image] *************************************** 
2016-01-29 09:30:25,512 p=22558 u=root |  skipping: [localhost]
2016-01-29 09:30:25,513 p=22558 u=root |  TASK: [vnf_create_vms | create virtual machine instance] ********************** 
2016-01-29 09:30:25,714 p=22558 u=root |  changed: [localhost]
2016-01-29 09:30:25,715 p=22558 u=root |  TASK: [vnf_create_vms | set VM to autostart with host] ************************ 
2016-01-29 09:30:25,921 p=22558 u=root |  ok: [localhost]
2016-01-29 09:30:25,922 p=22558 u=root |  TASK: [vnf_create_vms | start virtual machine] ******************************** 
2016-01-29 09:30:28,331 p=22558 u=root |  changed: [localhost]
2016-01-29 09:30:28,332 p=22558 u=root |  TASK: [vnf_create_vms | copy qcow2 disk image] ******************************** 
2016-01-29 09:30:28,344 p=22558 u=root |  skipping: [localhost]
2016-01-29 09:30:28,347 p=22558 u=root |  TASK: [vnf_create_vms | copy iso image] *************************************** 
2016-01-29 09:30:28,356 p=22558 u=root |  skipping: [localhost]
2016-01-29 09:30:28,356 p=22558 u=root |  TASK: [vnf_create_vms | create virtual machine instance] ********************** 
2016-01-29 09:30:28,367 p=22558 u=root |  skipping: [localhost]
2016-01-29 09:30:28,368 p=22558 u=root |  TASK: [vnf_create_vms | set VM to autostart with host] ************************ 
2016-01-29 09:30:28,375 p=22558 u=root |  skipping: [localhost]
2016-01-29 09:30:28,376 p=22558 u=root |  TASK: [vnf_create_vms | start virtual machine] ******************************** 
2016-01-29 09:30:28,384 p=22558 u=root |  skipping: [localhost]
2016-01-29 09:30:28,384 p=22558 u=root |  TASK: [vnf_wait_for_alive | wait for server to alive] ************************* 
2016-01-29 09:30:58,556 p=22558 u=root |  ok: [localhost -> 127.0.0.1]
2016-01-29 09:30:58,558 p=22558 u=root |  TASK: [vnf_wait_for_alive | delay 5 seconds so that OS is in stable state] **** 
2016-01-29 09:31:03,727 p=22558 u=root |  ok: [localhost -> 127.0.0.1]
2016-01-29 09:31:03,728 p=22558 u=root |  TASK: [vnf_wait_for_alive | wait for server to alive] ************************* 
2016-01-29 09:31:03,743 p=22558 u=root |  skipping: [localhost]
2016-01-29 09:31:03,743 p=22558 u=root |  TASK: [vnf_wait_for_alive | delay 5 seconds so that OS is in stable state] **** 
2016-01-29 09:31:03,752 p=22558 u=root |  skipping: [localhost]
2016-01-29 09:31:03,753 p=22558 u=root |  TASK: [vnf_wait_for_alive | wait for server to alive] ************************* 
2016-01-29 09:31:09,910 p=22558 u=root |  ok: [localhost -> 127.0.0.1]
2016-01-29 09:31:09,911 p=22558 u=root |  TASK: [vnf_wait_for_alive | delay 5 seconds so that OS is in stable state] **** 
2016-01-29 09:31:15,069 p=22558 u=root |  ok: [localhost -> 127.0.0.1]
2016-01-29 09:31:15,071 p=22558 u=root |  TASK: [vnf_wait_for_alive | wait for server to alive] ************************* 
2016-01-29 09:31:15,084 p=22558 u=root |  skipping: [localhost]
2016-01-29 09:31:15,085 p=22558 u=root |  TASK: [vnf_wait_for_alive | delay 5 seconds so that OS is in stable state] **** 
2016-01-29 09:31:15,095 p=22558 u=root |  skipping: [localhost]
2016-01-29 09:31:15,096 p=22558 u=root |  PLAY [set password of user root and axadmin] ********************************** 
2016-01-29 09:31:15,096 p=22558 u=root |  TASK: [change_password | change root password] ******************************** 
2016-01-29 09:31:15,923 p=22558 u=root |  changed: [135.252.141.24]
2016-01-29 09:31:18,117 p=22558 u=root |  changed: [135.252.141.25]
2016-01-29 09:31:18,133 p=22558 u=root |  TASK: [change_password | change axadmin password] ***************************** 
2016-01-29 09:31:18,794 p=22558 u=root |  changed: [135.252.141.24]
2016-01-29 09:31:19,222 p=22558 u=root |  changed: [135.252.141.25]
2016-01-29 09:31:19,239 p=22558 u=root |  PLAY [set password of user root and axadmin] ********************************** 
2016-01-29 09:31:19,239 p=22558 u=root |  skipping: no hosts matched
2016-01-29 09:31:19,240 p=22558 u=root |  PLAY [upload install_options] ************************************************* 
2016-01-29 09:31:19,241 p=22558 u=root |  TASK: [upload_install_options | create /install/config directory] ************* 
2016-01-29 09:31:19,870 p=22558 u=root |  ok: [135.252.141.24]
2016-01-29 09:31:19,951 p=22558 u=root |  ok: [135.252.141.25]
2016-01-29 09:31:19,967 p=22558 u=root |  TASK: [upload_install_options | upload install_options] *********************** 
2016-01-29 09:31:20,625 p=22558 u=root |  changed: [135.252.141.24]
2016-01-29 09:31:20,653 p=22558 u=root |  changed: [135.252.141.25]
2016-01-29 09:31:20,669 p=22558 u=root |  PLAY [image replacement post script] ****************************************** 
2016-01-29 09:31:20,670 p=22558 u=root |  TASK: [run post replace script, may take around 20 minutes] ******************* 
2016-01-29 09:32:11,868 p=22558 u=root |  changed: [135.252.141.25]
2016-01-29 09:52:23,091 p=22558 u=root |  changed: [135.252.141.24]
2016-01-29 09:52:23,112 p=22558 u=root |  TASK: [configure new disk drive] ********************************************** 
2016-01-29 09:54:12,859 p=22558 u=root |  changed: [135.252.141.25]
2016-01-29 09:55:04,303 p=22558 u=root |  changed: [135.252.141.24]
2016-01-29 09:55:04,320 p=22558 u=root |  TASK: [organize directories for image replacement] **************************** 
2016-01-29 09:55:05,474 p=22558 u=root |  changed: [135.252.141.24]
2016-01-29 09:55:33,963 p=22558 u=root |  changed: [135.252.141.25]
2016-01-29 09:55:33,979 p=22558 u=root |  PLAY [stop COM] *************************************************************** 
2016-01-29 09:55:33,980 p=22558 u=root |  TASK: [stop_com | stop com application] *************************************** 
2016-01-29 09:56:27,148 p=22558 u=root |  changed: [135.252.141.24]
2016-01-29 09:56:27,148 p=22558 u=root |  PLAY [stop COM] *************************************************************** 
2016-01-29 09:56:27,148 p=22558 u=root |  skipping: no hosts matched
2016-01-29 09:56:27,149 p=22558 u=root |  PLAY [restore data] *********************************************************** 
2016-01-29 09:56:27,149 p=22558 u=root |  TASK: [restore_data | create local restore directory] ************************* 
2016-01-29 09:56:27,661 p=22558 u=root |  ok: [135.252.141.24]
2016-01-29 09:56:27,726 p=22558 u=root |  ok: [135.252.141.25]
2016-01-29 09:56:27,742 p=22558 u=root |  TASK: [restore_data | mount nfs directory] ************************************ 
2016-01-29 09:56:27,785 p=22558 u=root |  skipping: [135.252.141.24]
2016-01-29 09:56:27,788 p=22558 u=root |  skipping: [135.252.141.25]
2016-01-29 09:56:27,803 p=22558 u=root |  TASK: [restore_data | restore data] ******************************************* 
2016-01-29 09:57:02,639 p=22558 u=root |  changed: [135.252.141.25]
2016-01-29 10:00:28,137 p=22558 u=root |  changed: [135.252.141.24]
2016-01-29 10:00:28,167 p=22558 u=root |  TASK: [restore_data | restore data for CSA and CFMA] ************************** 
2016-01-29 10:00:28,207 p=22558 u=root |  skipping: [135.252.141.24]
2016-01-29 10:00:28,208 p=22558 u=root |  skipping: [135.252.141.25]
2016-01-29 10:00:28,224 p=22558 u=root |  TASK: [restore_data | restore qosac data] ************************************* 
2016-01-29 10:00:28,260 p=22558 u=root |  skipping: [135.252.141.24]
2016-01-29 10:00:28,261 p=22558 u=root |  skipping: [135.252.141.25]
2016-01-29 10:00:28,277 p=22558 u=root |  PLAY [Update COM DB Schema] *************************************************** 
2016-01-29 10:00:28,278 p=22558 u=root |  TASK: [get COM version] ******************************************************* 
2016-01-29 10:00:28,772 p=22558 u=root |  changed: [135.252.141.24]
2016-01-29 10:00:28,772 p=22558 u=root |  TASK: [apply patch] *********************************************************** 
2016-01-29 10:00:28,780 p=22558 u=root |  skipping: [135.252.141.24]
2016-01-29 10:00:28,780 p=22558 u=root |  TASK: [Update COM DB schema] ************************************************** 
2016-01-29 10:01:11,477 p=22558 u=root |  changed: [135.252.141.24]
2016-01-29 10:01:11,478 p=22558 u=root |  PLAY [Vertical scaling COM VM for memory, and CPU] **************************** 
2016-01-29 10:01:11,478 p=22558 u=root |  TASK: [tune memory] *********************************************************** 
2016-01-29 10:01:13,173 p=22558 u=root |  changed: [135.252.141.24]
2016-01-29 10:01:37,590 p=22558 u=root |  changed: [135.252.141.25]
2016-01-29 10:01:37,604 p=22558 u=root |  PLAY [download public key from remote server] ********************************* 
2016-01-29 10:01:37,605 p=22558 u=root |  TASK: [fetch axadmin public key from remote server] *************************** 
2016-01-29 10:01:38,024 p=22558 u=root |  changed: [135.252.141.24]
2016-01-29 10:01:38,089 p=22558 u=root |  changed: [135.252.141.25]
2016-01-29 10:01:38,104 p=22558 u=root |  TASK: [fetch plx public key from remote server] ******************************* 
2016-01-29 10:01:38,513 p=22558 u=root |  changed: [135.252.141.24]
2016-01-29 10:01:38,893 p=22558 u=root |  changed: [135.252.141.25]
2016-01-29 10:01:38,908 p=22558 u=root |  TASK: [create authorized_keys for axadmin] ************************************ 
2016-01-29 10:01:39,413 p=22558 u=root |  changed: [135.252.141.25]
2016-01-29 10:01:39,428 p=22558 u=root |  changed: [135.252.141.24]
2016-01-29 10:01:39,443 p=22558 u=root |  TASK: [create known_hosts for axadmin] **************************************** 
2016-01-29 10:01:39,965 p=22558 u=root |  changed: [135.252.141.25]
2016-01-29 10:01:39,985 p=22558 u=root |  changed: [135.252.141.24]
2016-01-29 10:01:40,002 p=22558 u=root |  TASK: [create authorized_keys for plx] **************************************** 
2016-01-29 10:01:40,538 p=22558 u=root |  changed: [135.252.141.25]
2016-01-29 10:01:40,546 p=22558 u=root |  changed: [135.252.141.24]
2016-01-29 10:01:40,572 p=22558 u=root |  TASK: [create known_hosts for plx] ******************************************** 
2016-01-29 10:01:41,093 p=22558 u=root |  changed: [135.252.141.24]
2016-01-29 10:01:41,099 p=22558 u=root |  changed: [135.252.141.25]
2016-01-29 10:01:41,113 p=22558 u=root |  PLAY [setup authorized keys and known hosts on db] **************************** 
2016-01-29 10:01:41,114 p=22558 u=root |  TASK: [update authorized keys for axadmin] ************************************ 
2016-01-29 10:01:41,883 p=22558 u=root |  ok: [135.252.141.25] => (item={'key': 'oam', 'value': {'nic': [{'bridge': 'br0', 'name': 'eth0', 'ip_v4': {'prefix': '26', 'ipaddress': '135.252.141.24', 'gateway': '135.252.141.62'}}], 'flavor': {'vCpu': 6, 'disk': 150, 'memory': 25165824}, 'hostname': 'Ericgr1M001OAM01', 'imgname': 'COM_5_1_2_1.D209.OAM.qcow2'}})
2016-01-29 10:01:41,891 p=22558 u=root |  skipping: [135.252.141.25] => (item={'key': 'db', 'value': {'nic': [{'bridge': 'br0', 'name': 'eth0', 'ip_v4': {'prefix': '26', 'ipaddress': '135.252.141.25', 'gateway': '135.252.141.62'}}], 'flavor': {'vCpu': 4, 'disk': 300, 'memory': 25165824}, 'hostname': 'Ericgr1M002DB01', 'imgname': 'COM_5_1_2_1.D209.DB.qcow2'}})
2016-01-29 10:01:41,891 p=22558 u=root |  TASK: [clean known hosts for axadmin] ***************************************** 
2016-01-29 10:01:42,539 p=22558 u=root |  changed: [135.252.141.25] => (item={'key': 'oam', 'value': {'nic': [{'bridge': 'br0', 'name': 'eth0', 'ip_v4': {'prefix': '26', 'ipaddress': '135.252.141.24', 'gateway': '135.252.141.62'}}], 'flavor': {'vCpu': 6, 'disk': 150, 'memory': 25165824}, 'hostname': 'Ericgr1M001OAM01', 'imgname': 'COM_5_1_2_1.D209.OAM.qcow2'}})
2016-01-29 10:01:42,548 p=22558 u=root |  skipping: [135.252.141.25] => (item={'key': 'db', 'value': {'nic': [{'bridge': 'br0', 'name': 'eth0', 'ip_v4': {'prefix': '26', 'ipaddress': '135.252.141.25', 'gateway': '135.252.141.62'}}], 'flavor': {'vCpu': 4, 'disk': 300, 'memory': 25165824}, 'hostname': 'Ericgr1M002DB01', 'imgname': 'COM_5_1_2_1.D209.DB.qcow2'}})
2016-01-29 10:01:42,548 p=22558 u=root |  TASK: [update known hosts for axadmin] **************************************** 
2016-01-29 10:01:43,302 p=22558 u=root |  changed: [135.252.141.25] => (item={'key': 'oam', 'value': {'nic': [{'bridge': 'br0', 'name': 'eth0', 'ip_v4': {'prefix': '26', 'ipaddress': '135.252.141.24', 'gateway': '135.252.141.62'}}], 'flavor': {'vCpu': 6, 'disk': 150, 'memory': 25165824}, 'hostname': 'Ericgr1M001OAM01', 'imgname': 'COM_5_1_2_1.D209.OAM.qcow2'}})
2016-01-29 10:01:43,311 p=22558 u=root |  skipping: [135.252.141.25] => (item={'key': 'db', 'value': {'nic': [{'bridge': 'br0', 'name': 'eth0', 'ip_v4': {'prefix': '26', 'ipaddress': '135.252.141.25', 'gateway': '135.252.141.62'}}], 'flavor': {'vCpu': 4, 'disk': 300, 'memory': 25165824}, 'hostname': 'Ericgr1M002DB01', 'imgname': 'COM_5_1_2_1.D209.DB.qcow2'}})
2016-01-29 10:01:43,312 p=22558 u=root |  TASK: [update authorized keys for plx] **************************************** 
2016-01-29 10:01:44,005 p=22558 u=root |  ok: [135.252.141.25] => (item={'key': 'oam', 'value': {'nic': [{'bridge': 'br0', 'name': 'eth0', 'ip_v4': {'prefix': '26', 'ipaddress': '135.252.141.24', 'gateway': '135.252.141.62'}}], 'flavor': {'vCpu': 6, 'disk': 150, 'memory': 25165824}, 'hostname': 'Ericgr1M001OAM01', 'imgname': 'COM_5_1_2_1.D209.OAM.qcow2'}})
2016-01-29 10:01:44,013 p=22558 u=root |  skipping: [135.252.141.25] => (item={'key': 'db', 'value': {'nic': [{'bridge': 'br0', 'name': 'eth0', 'ip_v4': {'prefix': '26', 'ipaddress': '135.252.141.25', 'gateway': '135.252.141.62'}}], 'flavor': {'vCpu': 4, 'disk': 300, 'memory': 25165824}, 'hostname': 'Ericgr1M002DB01', 'imgname': 'COM_5_1_2_1.D209.DB.qcow2'}})
2016-01-29 10:01:44,014 p=22558 u=root |  TASK: [clean known hosts for plx] ********************************************* 
2016-01-29 10:01:44,666 p=22558 u=root |  changed: [135.252.141.25] => (item={'key': 'oam', 'value': {'nic': [{'bridge': 'br0', 'name': 'eth0', 'ip_v4': {'prefix': '26', 'ipaddress': '135.252.141.24', 'gateway': '135.252.141.62'}}], 'flavor': {'vCpu': 6, 'disk': 150, 'memory': 25165824}, 'hostname': 'Ericgr1M001OAM01', 'imgname': 'COM_5_1_2_1.D209.OAM.qcow2'}})
2016-01-29 10:01:44,673 p=22558 u=root |  skipping: [135.252.141.25] => (item={'key': 'db', 'value': {'nic': [{'bridge': 'br0', 'name': 'eth0', 'ip_v4': {'prefix': '26', 'ipaddress': '135.252.141.25', 'gateway': '135.252.141.62'}}], 'flavor': {'vCpu': 4, 'disk': 300, 'memory': 25165824}, 'hostname': 'Ericgr1M002DB01', 'imgname': 'COM_5_1_2_1.D209.DB.qcow2'}})
2016-01-29 10:01:44,674 p=22558 u=root |  TASK: [update known hosts for plx] ******************************************** 
2016-01-29 10:01:45,395 p=22558 u=root |  changed: [135.252.141.25] => (item={'key': 'oam', 'value': {'nic': [{'bridge': 'br0', 'name': 'eth0', 'ip_v4': {'prefix': '26', 'ipaddress': '135.252.141.24', 'gateway': '135.252.141.62'}}], 'flavor': {'vCpu': 6, 'disk': 150, 'memory': 25165824}, 'hostname': 'Ericgr1M001OAM01', 'imgname': 'COM_5_1_2_1.D209.OAM.qcow2'}})
2016-01-29 10:01:45,407 p=22558 u=root |  skipping: [135.252.141.25] => (item={'key': 'db', 'value': {'nic': [{'bridge': 'br0', 'name': 'eth0', 'ip_v4': {'prefix': '26', 'ipaddress': '135.252.141.25', 'gateway': '135.252.141.62'}}], 'flavor': {'vCpu': 4, 'disk': 300, 'memory': 25165824}, 'hostname': 'Ericgr1M002DB01', 'imgname': 'COM_5_1_2_1.D209.DB.qcow2'}})
2016-01-29 10:01:45,407 p=22558 u=root |  PLAY [setup authorized keys and known hosts on oam] *************************** 
2016-01-29 10:01:45,408 p=22558 u=root |  TASK: [update authorized keys for axadmin] ************************************ 
2016-01-29 10:01:45,422 p=22558 u=root |  skipping: [135.252.141.24] => (item={'key': 'oam', 'value': {'nic': [{'bridge': 'br0', 'name': 'eth0', 'ip_v4': {'prefix': '26', 'ipaddress': '135.252.141.24', 'gateway': '135.252.141.62'}}], 'flavor': {'vCpu': 6, 'disk': 150, 'memory': 25165824}, 'hostname': 'Ericgr1M001OAM01', 'imgname': 'COM_5_1_2_1.D209.OAM.qcow2'}})
2016-01-29 10:01:46,155 p=22558 u=root |  ok: [135.252.141.24] => (item={'key': 'db', 'value': {'nic': [{'bridge': 'br0', 'name': 'eth0', 'ip_v4': {'prefix': '26', 'ipaddress': '135.252.141.25', 'gateway': '135.252.141.62'}}], 'flavor': {'vCpu': 4, 'disk': 300, 'memory': 25165824}, 'hostname': 'Ericgr1M002DB01', 'imgname': 'COM_5_1_2_1.D209.DB.qcow2'}})
2016-01-29 10:01:46,156 p=22558 u=root |  TASK: [clean known hosts for axadmin] ***************************************** 
2016-01-29 10:01:46,169 p=22558 u=root |  skipping: [135.252.141.24] => (item={'key': 'oam', 'value': {'nic': [{'bridge': 'br0', 'name': 'eth0', 'ip_v4': {'prefix': '26', 'ipaddress': '135.252.141.24', 'gateway': '135.252.141.62'}}], 'flavor': {'vCpu': 6, 'disk': 150, 'memory': 25165824}, 'hostname': 'Ericgr1M001OAM01', 'imgname': 'COM_5_1_2_1.D209.OAM.qcow2'}})
2016-01-29 10:01:46,838 p=22558 u=root |  changed: [135.252.141.24] => (item={'key': 'db', 'value': {'nic': [{'bridge': 'br0', 'name': 'eth0', 'ip_v4': {'prefix': '26', 'ipaddress': '135.252.141.25', 'gateway': '135.252.141.62'}}], 'flavor': {'vCpu': 4, 'disk': 300, 'memory': 25165824}, 'hostname': 'Ericgr1M002DB01', 'imgname': 'COM_5_1_2_1.D209.DB.qcow2'}})
2016-01-29 10:01:46,838 p=22558 u=root |  TASK: [update known hosts for axadmin] **************************************** 
2016-01-29 10:01:46,851 p=22558 u=root |  skipping: [135.252.141.24] => (item={'key': 'oam', 'value': {'nic': [{'bridge': 'br0', 'name': 'eth0', 'ip_v4': {'prefix': '26', 'ipaddress': '135.252.141.24', 'gateway': '135.252.141.62'}}], 'flavor': {'vCpu': 6, 'disk': 150, 'memory': 25165824}, 'hostname': 'Ericgr1M001OAM01', 'imgname': 'COM_5_1_2_1.D209.OAM.qcow2'}})
2016-01-29 10:01:47,579 p=22558 u=root |  changed: [135.252.141.24] => (item={'key': 'db', 'value': {'nic': [{'bridge': 'br0', 'name': 'eth0', 'ip_v4': {'prefix': '26', 'ipaddress': '135.252.141.25', 'gateway': '135.252.141.62'}}], 'flavor': {'vCpu': 4, 'disk': 300, 'memory': 25165824}, 'hostname': 'Ericgr1M002DB01', 'imgname': 'COM_5_1_2_1.D209.DB.qcow2'}})
2016-01-29 10:01:47,580 p=22558 u=root |  TASK: [update authorized keys for plx] **************************************** 
2016-01-29 10:01:47,596 p=22558 u=root |  skipping: [135.252.141.24] => (item={'key': 'oam', 'value': {'nic': [{'bridge': 'br0', 'name': 'eth0', 'ip_v4': {'prefix': '26', 'ipaddress': '135.252.141.24', 'gateway': '135.252.141.62'}}], 'flavor': {'vCpu': 6, 'disk': 150, 'memory': 25165824}, 'hostname': 'Ericgr1M001OAM01', 'imgname': 'COM_5_1_2_1.D209.OAM.qcow2'}})
2016-01-29 10:01:48,357 p=22558 u=root |  ok: [135.252.141.24] => (item={'key': 'db', 'value': {'nic': [{'bridge': 'br0', 'name': 'eth0', 'ip_v4': {'prefix': '26', 'ipaddress': '135.252.141.25', 'gateway': '135.252.141.62'}}], 'flavor': {'vCpu': 4, 'disk': 300, 'memory': 25165824}, 'hostname': 'Ericgr1M002DB01', 'imgname': 'COM_5_1_2_1.D209.DB.qcow2'}})
2016-01-29 10:01:48,357 p=22558 u=root |  TASK: [clean known hosts for plx] ********************************************* 
2016-01-29 10:01:48,370 p=22558 u=root |  skipping: [135.252.141.24] => (item={'key': 'oam', 'value': {'nic': [{'bridge': 'br0', 'name': 'eth0', 'ip_v4': {'prefix': '26', 'ipaddress': '135.252.141.24', 'gateway': '135.252.141.62'}}], 'flavor': {'vCpu': 6, 'disk': 150, 'memory': 25165824}, 'hostname': 'Ericgr1M001OAM01', 'imgname': 'COM_5_1_2_1.D209.OAM.qcow2'}})
2016-01-29 10:01:49,012 p=22558 u=root |  changed: [135.252.141.24] => (item={'key': 'db', 'value': {'nic': [{'bridge': 'br0', 'name': 'eth0', 'ip_v4': {'prefix': '26', 'ipaddress': '135.252.141.25', 'gateway': '135.252.141.62'}}], 'flavor': {'vCpu': 4, 'disk': 300, 'memory': 25165824}, 'hostname': 'Ericgr1M002DB01', 'imgname': 'COM_5_1_2_1.D209.DB.qcow2'}})
2016-01-29 10:01:49,013 p=22558 u=root |  TASK: [update known hosts for plx] ******************************************** 
2016-01-29 10:01:49,026 p=22558 u=root |  skipping: [135.252.141.24] => (item={'key': 'oam', 'value': {'nic': [{'bridge': 'br0', 'name': 'eth0', 'ip_v4': {'prefix': '26', 'ipaddress': '135.252.141.24', 'gateway': '135.252.141.62'}}], 'flavor': {'vCpu': 6, 'disk': 150, 'memory': 25165824}, 'hostname': 'Ericgr1M001OAM01', 'imgname': 'COM_5_1_2_1.D209.OAM.qcow2'}})
2016-01-29 10:01:49,745 p=22558 u=root |  changed: [135.252.141.24] => (item={'key': 'db', 'value': {'nic': [{'bridge': 'br0', 'name': 'eth0', 'ip_v4': {'prefix': '26', 'ipaddress': '135.252.141.25', 'gateway': '135.252.141.62'}}], 'flavor': {'vCpu': 4, 'disk': 300, 'memory': 25165824}, 'hostname': 'Ericgr1M002DB01', 'imgname': 'COM_5_1_2_1.D209.DB.qcow2'}})
2016-01-29 10:01:49,746 p=22558 u=root |  PLAY [setup authorized keys and known hosts on cm] **************************** 
2016-01-29 10:01:49,747 p=22558 u=root |  skipping: no hosts matched
2016-01-29 10:01:49,747 p=22558 u=root |  PLAY [clean public keys on localhost] ***************************************** 
2016-01-29 10:01:49,747 p=22558 u=root |  TASK: [clean public keys for axadmin and plx] ********************************* 
2016-01-29 10:01:50,031 p=22558 u=root |  changed: [localhost] => (item={'key': 'oam', 'value': {'nic': [{'bridge': 'br0', 'name': 'eth0', 'ip_v4': {'prefix': '26', 'ipaddress': '135.252.141.24', 'gateway': '135.252.141.62'}}], 'flavor': {'vCpu': 6, 'disk': 150, 'memory': 25165824}, 'hostname': 'Ericgr1M001OAM01', 'imgname': 'COM_5_1_2_1.D209.OAM.qcow2'}})
2016-01-29 10:01:50,205 p=22558 u=root |  changed: [localhost] => (item={'key': 'db', 'value': {'nic': [{'bridge': 'br0', 'name': 'eth0', 'ip_v4': {'prefix': '26', 'ipaddress': '135.252.141.25', 'gateway': '135.252.141.62'}}], 'flavor': {'vCpu': 4, 'disk': 300, 'memory': 25165824}, 'hostname': 'Ericgr1M002DB01', 'imgname': 'COM_5_1_2_1.D209.DB.qcow2'}})
2016-01-29 10:01:50,206 p=22558 u=root |  PLAY [fetch host network configuration] *************************************** 
2016-01-29 10:01:50,207 p=22558 u=root |  TASK: [find network configuration] ******************************************** 
2016-01-29 10:01:50,351 p=22558 u=root |  changed: [localhost]
2016-01-29 10:01:50,352 p=22558 u=root |  TASK: [fetch network configuration] ******************************************* 
2016-01-29 10:01:50,410 p=22558 u=root |  changed: [localhost] => (item=/etc/sysconfig/network-scripts/ifcfg-eth0)
2016-01-29 10:01:50,449 p=22558 u=root |  changed: [localhost] => (item=/etc/sysconfig/network-scripts/ifcfg-eth3)
2016-01-29 10:01:50,488 p=22558 u=root |  changed: [localhost] => (item=/etc/sysconfig/network-scripts/ifcfg-eth1)
2016-01-29 10:01:50,530 p=22558 u=root |  changed: [localhost] => (item=/etc/sysconfig/network-scripts/ifcfg-br0)
2016-01-29 10:01:50,573 p=22558 u=root |  changed: [localhost] => (item=/etc/sysconfig/network-scripts/ifcfg-eth2)
2016-01-29 10:01:50,615 p=22558 u=root |  changed: [localhost] => (item=/etc/sysconfig/network-scripts/ifcfg-lo)
2016-01-29 10:01:50,616 p=22558 u=root |  PLAY [upload host network configuration] ************************************** 
2016-01-29 10:01:50,616 p=22558 u=root |  TASK: [create host-nework directory] ****************************************** 
2016-01-29 10:01:51,139 p=22558 u=root |  ok: [135.252.141.25]
2016-01-29 10:01:51,152 p=22558 u=root |  ok: [135.252.141.24]
2016-01-29 10:01:51,174 p=22558 u=root |  TASK: [upload hostnework configuration] *************************************** 
2016-01-29 10:01:53,711 p=22558 u=root |  ok: [135.252.141.25]
2016-01-29 10:01:53,722 p=22558 u=root |  ok: [135.252.141.24]
2016-01-29 10:01:53,737 p=22558 u=root |  PLAY [upload group variables] ************************************************* 
2016-01-29 10:01:53,738 p=22558 u=root |  TASK: [upload group vars] ***************************************************** 
2016-01-29 10:01:54,390 p=22558 u=root |  changed: [135.252.141.25]
2016-01-29 10:01:54,457 p=22558 u=root |  changed: [135.252.141.24]
2016-01-29 10:01:54,472 p=22558 u=root |  PLAY [collect and archieve elcm data] ***************************************** 
2016-01-29 10:01:54,473 p=22558 u=root |  TASK: [make directory for elcm data] ****************************************** 
2016-01-29 10:01:54,751 p=22558 u=root |  changed: [localhost]
2016-01-29 10:01:54,752 p=22558 u=root |  TASK: [backup private key] **************************************************** 
2016-01-29 10:01:54,884 p=22558 u=root |  changed: [localhost]
2016-01-29 10:01:54,885 p=22558 u=root |  TASK: [backup public key] ***************************************************** 
2016-01-29 10:01:55,020 p=22558 u=root |  changed: [localhost]
2016-01-29 10:01:55,021 p=22558 u=root |  TASK: [check elcm datasource] ************************************************* 
2016-01-29 10:01:56,165 p=22558 u=root |  changed: [localhost]
2016-01-29 10:01:56,167 p=22558 u=root |  TASK: [backup elcm datasource] ************************************************ 
2016-01-29 10:01:56,315 p=22558 u=root |  changed: [localhost]
2016-01-29 10:01:56,315 p=22558 u=root |  TASK: [archieve elcm data] **************************************************** 
2016-01-29 10:01:56,476 p=22558 u=root |  changed: [localhost]
2016-01-29 10:01:56,477 p=22558 u=root |  PLAY [upload elcm data] ******************************************************* 
2016-01-29 10:01:56,478 p=22558 u=root |  TASK: [upload elcm data] ****************************************************** 
2016-01-29 10:01:57,151 p=22558 u=root |  changed: [135.252.141.24]
2016-01-29 10:01:57,151 p=22558 u=root |  PLAY [upload elcm data] ******************************************************* 
2016-01-29 10:01:57,151 p=22558 u=root |  skipping: no hosts matched
2016-01-29 10:01:57,152 p=22558 u=root |  PLAY [clean elcm data] ******************************************************** 
2016-01-29 10:01:57,152 p=22558 u=root |  TASK: [clean elcm data] ******************************************************* 
2016-01-29 10:01:57,421 p=22558 u=root |  changed: [localhost]
2016-01-29 10:01:57,422 p=22558 u=root |  TASK: [clean elcm archieve] *************************************************** 
2016-01-29 10:01:57,602 p=22558 u=root |  changed: [localhost]
2016-01-29 10:01:57,603 p=22558 u=root |  PLAY [download snmpd configuration file] ************************************** 
2016-01-29 10:01:57,604 p=22558 u=root |  TASK: [fetch snmpd configuration file] **************************************** 
2016-01-29 10:01:58,031 p=22558 u=root |  changed: [135.252.141.24]
2016-01-29 10:01:58,032 p=22558 u=root |  PLAY [setup snmpd configuration on host server] ******************************* 
2016-01-29 10:01:58,032 p=22558 u=root |  TASK: [check /etc/snmp/snmpd.conf file] *************************************** 
2016-01-29 10:01:58,177 p=22558 u=root |  changed: [localhost]
2016-01-29 10:01:58,177 p=22558 u=root |  TASK: [upload snmpd configuration file to host server] ************************ 
2016-01-29 10:01:58,512 p=22558 u=root |  changed: [localhost]
2016-01-29 10:01:58,513 p=22558 u=root |  NOTIFIED: [restart snmpd] ***************************************************** 
2016-01-29 10:02:00,427 p=22558 u=root |  changed: [localhost]
2016-01-29 10:02:00,428 p=22558 u=root |  PLAY [clean tmp snmpd configuration file] ************************************* 
2016-01-29 10:02:00,429 p=22558 u=root |  TASK: [clean tmp snmpd configuration file] ************************************ 
2016-01-29 10:02:00,746 p=22558 u=root |  changed: [localhost]
2016-01-29 10:02:00,747 p=22558 u=root |  PLAY [create ilo configuration file] ****************************************** 
2016-01-29 10:02:00,748 p=22558 u=root |  TASK: [check hponcfg] ********************************************************* 
2016-01-29 10:02:00,889 p=22558 u=root |  changed: [localhost]
2016-01-29 10:02:00,890 p=22558 u=root |  TASK: [create ilo configuration file] ***************************************** 
2016-01-29 10:02:10,240 p=22558 u=root |  changed: [localhost]
2016-01-29 10:02:10,241 p=22558 u=root |  TASK: [fetch ilo configuration file] ****************************************** 
2016-01-29 10:02:10,296 p=22558 u=root |  changed: [localhost]
2016-01-29 10:02:10,297 p=22558 u=root |  PLAY [upload host ilo info] *************************************************** 
2016-01-29 10:02:10,298 p=22558 u=root |  TASK: [check ilo info file] *************************************************** 
2016-01-29 10:02:10,474 p=22558 u=root |  changed: [135.252.141.24 -> 127.0.0.1]
2016-01-29 10:02:10,481 p=22558 u=root |  changed: [135.252.141.25 -> 127.0.0.1]
2016-01-29 10:02:10,497 p=22558 u=root |  TASK: [upload host ilo info] ************************************************** 
2016-01-29 10:02:11,007 p=22558 u=root |  changed: [135.252.141.24]
2016-01-29 10:02:11,100 p=22558 u=root |  changed: [135.252.141.25]
2016-01-29 10:02:11,115 p=22558 u=root |  PLAY [clean ilo info] ********************************************************* 
2016-01-29 10:02:11,116 p=22558 u=root |  TASK: [clean ilo info] ******************************************************** 
2016-01-29 10:02:11,387 p=22558 u=root |  changed: [localhost]
2016-01-29 10:02:11,388 p=22558 u=root |  PLAY [delete suspend file] **************************************************** 
2016-01-29 10:02:11,391 p=22558 u=root |  TASK: [delete_suspend_file | delete suspend file] ***************************** 
2016-01-29 10:02:11,903 p=22558 u=root |  changed: [135.252.141.25]
2016-01-29 10:02:11,911 p=22558 u=root |  changed: [135.252.141.24]
2016-01-29 10:02:11,927 p=22558 u=root |  PLAY [remove cloud-user account] ********************************************** 
2016-01-29 10:02:11,929 p=22558 u=root |  TASK: [remove_cloud_user | remove cloud-user] ********************************* 
2016-01-29 10:02:12,457 p=22558 u=root |  failed: [135.252.141.25] => {"changed": true, "cmd": ["userdel", "-r", "-f", "cloud-user"], "delta": "0:00:00.005276", "end": "2016-01-29 10:02:10.216407", "rc": 6, "start": "2016-01-29 10:02:10.211131", "warnings": []}
2016-01-29 10:02:12,457 p=22558 u=root |  stderr: userdel: user 'cloud-user' does not exist
2016-01-29 10:02:12,457 p=22558 u=root |  ...ignoring
2016-01-29 10:02:12,491 p=22558 u=root |  failed: [135.252.141.24] => {"changed": true, "cmd": ["userdel", "-r", "-f", "cloud-user"], "delta": "0:00:00.005635", "end": "2016-01-29 10:02:11.786003", "rc": 6, "start": "2016-01-29 10:02:11.780368", "warnings": []}
2016-01-29 10:02:12,491 p=22558 u=root |  stderr: userdel: user 'cloud-user' does not exist
2016-01-29 10:02:12,492 p=22558 u=root |  ...ignoring
2016-01-29 10:02:12,507 p=22558 u=root |  PLAY [start com application] ************************************************** 
2016-01-29 10:02:12,508 p=22558 u=root |  TASK: [start_com | start com application] ************************************* 
2016-01-29 10:02:21,307 p=22558 u=root |  changed: [135.252.141.24]
2016-01-29 10:02:21,308 p=22558 u=root |  PLAY [start com application] ************************************************** 
2016-01-29 10:02:21,308 p=22558 u=root |  skipping: no hosts matched
2016-01-29 10:02:21,308 p=22558 u=root |  PLAY [unlock user] ************************************************************ 
2016-01-29 10:02:21,309 p=22558 u=root |  TASK: [unlock axadmin] ******************************************************** 
2016-01-29 10:02:21,954 p=22558 u=root |  changed: [135.252.141.24]
2016-01-29 10:02:21,980 p=22558 u=root |  changed: [135.252.141.25]
2016-01-29 10:02:21,995 p=22558 u=root |  TASK: [unlock plx] ************************************************************ 
2016-01-29 10:02:22,545 p=22558 u=root |  changed: [135.252.141.24]
2016-01-29 10:02:22,562 p=22558 u=root |  changed: [135.252.141.25]
2016-01-29 10:02:22,577 p=22558 u=root |  PLAY [Reboot] ***************************************************************** 
2016-01-29 10:02:22,578 p=22558 u=root |  TASK: [Reboot server] ********************************************************* 
2016-01-29 10:02:23,158 p=22558 u=root |  changed: [135.252.141.24]
2016-01-29 10:02:23,169 p=22558 u=root |  changed: [135.252.141.25]
2016-01-29 10:02:23,186 p=22558 u=root |  PLAY RECAP ******************************************************************** 
2016-01-29 10:02:23,187 p=22558 u=root |  135.252.141.24             : ok=46   changed=39   unreachable=0    failed=0   
2016-01-29 10:02:23,187 p=22558 u=root |  135.252.141.25             : ok=35   changed=28   unreachable=0    failed=0   
2016-01-29 10:02:23,188 p=22558 u=root |  localhost                  : ok=104  changed=69   unreachable=0    failed=0   